<?xml version="1.0" encoding="UTF-8" ?>
<testsuite tests="1" failures="0" name="TestSuite" time="0.105" errors="0" skipped="1">
  <properties>
[...]
</properties>
  <testcase classname="com.automation.hybrid.suitea.AddProductTest" name="addProductTest" time="0.105">
    <skipped/>
    <system-out>*** AddProductTest
.\sheets\SuiteA.xlsx
Inside data Provider
LoginTest
Row Number of test is 5
Total Cols - 21
Total Rows 1
{Browser=Chrome, Product Type=Feature Product, DURGAPUR=14, Product Picture=C:\Users\suresh\git\images\Tomato.jpg, Deals Of The Week=In to Deals Of The Week, KOLKATA=14, Product Description=Automation Test2, Runmode=Y, Product Offer=12, Product Stock=50, Category Name=Tomato,, Product Normal Price=14, Select For Hot Product Section=In In Hot Product, Select For Trending Product Section=In Trending Product, Home Category=Fresh Vegetables, Product Tag=Super Deals, ORISSA=14, BIHAR=14, BURDWAN=14, SubCategory=Tomato, Product Name=TOMATO}
----------------
.\reports\Sun_Sep_06_12_53_43_CEST_2020//Report.html
</system-out>
  </testcase>
</testsuite>