<?xml version="1.0" encoding="UTF-8"?>
<testng-results ignored="0" total="1" passed="0" failed="0" skipped="1">
  <reporter-output>
  </reporter-output>
  <suite started-at="2020-09-06T10:53:41Z" name="Suite A" finished-at="2020-09-06T10:53:46Z" duration-ms="5158">
    <groups>
    </groups>
    <test started-at="2020-09-06T10:53:41Z" name="Login Test" finished-at="2020-09-06T10:53:46Z" duration-ms="5158">
      <class name="com.automation.hybrid.suitea.AddProductTest">
        <test-method is-config="true" signature="init()[pri:0, instance:com.automation.hybrid.suitea.AddProductTest@3d0f8e03]" started-at="2020-09-06T12:53:41Z" name="init" finished-at="2020-09-06T12:53:42Z" duration-ms="1679" status="PASS">
          <reporter-output>
          </reporter-output>
        </test-method> <!-- init -->
        <test-method is-config="true" signature="initTest()[pri:0, instance:com.automation.hybrid.suitea.AddProductTest@3d0f8e03]" started-at="2020-09-06T12:53:43Z" name="initTest" finished-at="2020-09-06T12:53:44Z" duration-ms="1353" status="PASS">
          <reporter-output>
          </reporter-output>
        </test-method> <!-- initTest -->
        <test-method signature="addProductTest(java.util.Hashtable)[pri:0, instance:com.automation.hybrid.suitea.AddProductTest@3d0f8e03]" started-at="2020-09-06T12:53:44Z" name="addProductTest" data-provider="getData" finished-at="2020-09-06T12:53:44Z" duration-ms="103" status="SKIP">
          <params>
            <param index="0">
              <value>
                <![CDATA[{Browser=Chrome, Product Type=Feature Product, DURGAPUR=14, Product Picture=C:\Users\suresh\git\images\Tomato.jpg, Deals Of The Week=In to Deals Of The Week, KOLKATA=14, Product Description=Automation Test2, Runmode=Y, Product Offer=12, Product Stock=50, Category Name=Tomato,, Product Normal Price=14, Select For Hot Product Section=In In Hot Product, Select For Trending Product Section=In Trending Product, Home Category=Fresh Vegetables, Product Tag=Super Deals, ORISSA=14, BIHAR=14, BURDWAN=14, SubCategory=Tomato, Product Name=TOMATO}]]>
              </value>
            </param>
          </params>
          <exception class="org.testng.SkipException">
            <message>
              <![CDATA[Runmode is set to NO]]>
            </message>
            <full-stacktrace>
              <![CDATA[org.testng.SkipException: Runmode is set to NO
	at com.automation.hybrid.suitea.AddProductTest.addProductTest(AddProductTest.java:21)
	at java.base/jdk.internal.reflect.NativeMethodAccessorImpl.invoke0(Native Method)
	at java.base/jdk.internal.reflect.NativeMethodAccessorImpl.invoke(NativeMethodAccessorImpl.java:62)
	at java.base/jdk.internal.reflect.DelegatingMethodAccessorImpl.invoke(DelegatingMethodAccessorImpl.java:43)
	at java.base/java.lang.reflect.Method.invoke(Method.java:564)
	at org.testng.internal.MethodInvocationHelper.invokeMethod(MethodInvocationHelper.java:104)
	at org.testng.internal.Invoker.invokeMethod(Invoker.java:645)
	at org.testng.internal.Invoker.invokeTestMethod(Invoker.java:851)
	at org.testng.internal.Invoker.invokeTestMethods(Invoker.java:1177)
	at org.testng.internal.TestMethodWorker.invokeTestMethods(TestMethodWorker.java:129)
	at org.testng.internal.TestMethodWorker.run(TestMethodWorker.java:112)
	at java.base/java.util.concurrent.ThreadPoolExecutor.runWorker(ThreadPoolExecutor.java:1130)
	at java.base/java.util.concurrent.ThreadPoolExecutor$Worker.run(ThreadPoolExecutor.java:630)
	at java.base/java.lang.Thread.run(Thread.java:832)
]]>
            </full-stacktrace>
          </exception> <!-- org.testng.SkipException -->
          <reporter-output>
          </reporter-output>
        </test-method> <!-- addProductTest -->
        <test-method is-config="true" signature="quit()[pri:0, instance:com.automation.hybrid.suitea.AddProductTest@3d0f8e03]" started-at="2020-09-06T12:53:44Z" name="quit" finished-at="2020-09-06T12:53:46Z" duration-ms="1908" status="PASS">
          <reporter-output>
          </reporter-output>
        </test-method> <!-- quit -->
      </class> <!-- com.automation.hybrid.suitea.AddProductTest -->
    </test> <!-- Login Test -->
  </suite> <!-- Suite A -->
  <suite started-at="2020-09-06T10:53:46Z" name="My suite" finished-at="2020-09-06T10:53:46Z" duration-ms="0">
    <groups>
    </groups>
  </suite> <!-- My suite -->
</testng-results>
