<?xml version="1.0" encoding="UTF-8"?>
<testng-results ignored="0" total="1" passed="1" failed="0" skipped="0">
  <reporter-output>
  </reporter-output>
  <suite started-at="2020-09-06T15:43:11Z" name="Default suite" finished-at="2020-09-06T15:43:53Z" duration-ms="41942">
    <groups>
    </groups>
    <test started-at="2020-09-06T15:43:11Z" name="Default test" finished-at="2020-09-06T15:43:53Z" duration-ms="41942">
      <class name="com.automation.hybrid.suitea.EditProductTest">
        <test-method is-config="true" signature="init()[pri:0, instance:com.automation.hybrid.suitea.EditProductTest@1d76aeea]" started-at="2020-09-06T17:43:11Z" name="init" finished-at="2020-09-06T17:43:13Z" duration-ms="1226" status="PASS">
          <reporter-output>
          </reporter-output>
        </test-method> <!-- init -->
        <test-method is-config="true" signature="initTest()[pri:0, instance:com.automation.hybrid.suitea.EditProductTest@1d76aeea]" started-at="2020-09-06T17:43:13Z" name="initTest" finished-at="2020-09-06T17:43:13Z" duration-ms="314" status="PASS">
          <reporter-output>
          </reporter-output>
        </test-method> <!-- initTest -->
        <test-method signature="editProductTest(java.util.Hashtable)[pri:0, instance:com.automation.hybrid.suitea.EditProductTest@1d76aeea]" started-at="2020-09-06T17:43:13Z" name="editProductTest" data-provider="getData" finished-at="2020-09-06T17:43:52Z" duration-ms="38777" status="PASS">
          <params>
            <param index="0">
              <value>
                <![CDATA[{Product ID=PRO9418, DURGAPUR=20, Runmode=Y, ORISSA=23, Product Stock=24, Product Offer=25, BIHAR=22, Product Normal Price=18, Browser=Chrome, KOLKATA=19, BURDWAN=21}]]>
              </value>
            </param>
          </params>
          <reporter-output>
          </reporter-output>
        </test-method> <!-- editProductTest -->
        <test-method is-config="true" signature="quit()[pri:0, instance:com.automation.hybrid.suitea.EditProductTest@1d76aeea]" started-at="2020-09-06T17:43:52Z" name="quit" finished-at="2020-09-06T17:43:53Z" duration-ms="1567" status="PASS">
          <reporter-output>
          </reporter-output>
        </test-method> <!-- quit -->
      </class> <!-- com.automation.hybrid.suitea.EditProductTest -->
    </test> <!-- Default test -->
  </suite> <!-- Default suite -->
</testng-results>
